#
# A fatal error has been detected by the Java Runtime Environment:
#
#  EXCEPTION_ACCESS_VIOLATION (0xc0000005) at pc=0x0000000003f3bd60, pid=3784, tid=0x0000000000002cb8
#
# JRE version: OpenJDK Runtime Environment (8.0_202-b03) (build 1.8.0_202-release-1483-b03)
# Java VM: OpenJDK 64-Bit Server VM (25.202-b03 mixed mode windows-amd64 compressed oops)
# Problematic frame:
# J 4487 C2 org.jetbrains.kotlin.storage.LockBasedStorageManager$LockBasedNotNullLazyValue.invoke()Ljava/lang/Object; (35 bytes) @ 0x0000000003f3bd60 [0x0000000003f3bd20+0x40]
#
# Failed to write core dump. Minidumps are not enabled by default on client versions of Windows
#
# If you would like to submit a bug report, please visit:
#   http://bugreport.java.com/bugreport/crash.jsp
#

---------------  T H R E A D  ---------------

Current thread (0x0000000003097800):  JavaThread "main" [_thread_in_Java, id=11448, stack(0x0000000002f70000,0x0000000003070000)]

siginfo: ExceptionCode=0xc0000005, reading address 0x00000000029b1548

Registers:
RAX=0x00000000029b1540, RBX=0x00000000177f7208, RCX=0x00000000001dd644, RDX=0x00000000d91a5cd8
RSP=0x00000000030687e0, RBP=0x00000000030689c8, RSI=0x00000000d91a5cd8, RDI=0x000000001e9ac250
R8 =0x00000000d91c4cf0, R9 =0x00000000d91c51c8, R10=0x00000001002c8650, R11=0x00000000029b1540
R12=0x0000000000000000, R13=0x0000000003068970, R14=0x00000001003f4cb8, R15=0x0000000003097800
RIP=0x0000000003f3bd60, EFLAGS=0x0000000000010202

Top of Stack: (sp=0x00000000030687e0)
0x00000000030687e0:   00000000d91a5cd8 0000000003068910
0x00000000030687f0:   0000000003068890 000000002143c2e0
0x0000000003068800:   000000001cf124d0 00000000ffffffff
0x0000000003068810:   00000000030689c8 0000000003e1c0c4
0x0000000003068820:   0000000003097800 0000000000000000
0x0000000003068830:   0000000021299508 000000000329e859
0x0000000003068840:   000000001e84b1c0 0000000003097800
0x0000000003068850:   00000000d91c5480 00000000737d237d
0x0000000003068860:   000000001cf124b0 000000001cf13720
0x0000000003068870:   0000000000000013 0000000003463211
0x0000000003068880:   00000000d91c5468 0000000003898bca
0x0000000003068890:   00000000030688f8 00000000d91c51c8
0x00000000030688a0:   00000000d91a5b80 00000000d91c4cf0
0x00000000030688b0:   00000000e06a9ef8 00000000d91a5cd8
0x00000000030688c0:   000000001e47fc65 0000000003068918
0x00000000030688d0:   00000000030689c8 00000000039ea714 

Instructions: (pc=0x0000000003f3bd60)
0x0000000003f3bd40:   89 84 24 00 a0 ff ff 55 48 83 ec 30 48 89 14 24
0x0000000003f3bd50:   44 8b 5a 14 49 8b c3 45 85 db 0f 84 ae 01 00 00
0x0000000003f3bd60:   45 8b 53 08 41 81 fa 1a 91 05 20 0f 85 9d 01 00
0x0000000003f3bd70:   00 44 8b 52 0c 41 8b 6a 0c 44 8b 5d 08 41 81 fb 


Register to memory mapping:

RAX=0x00000000029b1540 is an unknown value
RBX=0x00000000177f7208 is pointing into metadata
RCX=0x00000000001dd644 is an unknown value
RDX=0x00000000d91a5cd8 is an oop
org.jetbrains.kotlin.storage.LockBasedStorageManager$LockBasedNotNullLazyValue 
 - klass: 'org/jetbrains/kotlin/storage/LockBasedStorageManager$LockBasedNotNullLazyValue'
RSP=0x00000000030687e0 is pointing into the stack for thread: 0x0000000003097800
RBP=0x00000000030689c8 is pointing into the stack for thread: 0x0000000003097800
RSI=0x00000000d91a5cd8 is an oop
org.jetbrains.kotlin.storage.LockBasedStorageManager$LockBasedNotNullLazyValue 
 - klass: 'org/jetbrains/kotlin/storage/LockBasedStorageManager$LockBasedNotNullLazyValue'
RDI=0x000000001e9ac250 is pointing into metadata
R8 =0x00000000d91c4cf0 is an oop
org.jetbrains.kotlin.name.Name 
 - klass: 'org/jetbrains/kotlin/name/Name'
R9 =0x00000000d91c51c8 is an oop
org.jetbrains.kotlin.incremental.KotlinLookupLocation 
 - klass: 'org/jetbrains/kotlin/incremental/KotlinLookupLocation'
R10=0x00000001002c8650 is pointing into metadata
R11=0x00000000029b1540 is an unknown value
R12=0x0000000000000000 is an unknown value
R13=0x0000000003068970 is pointing into the stack for thread: 0x0000000003097800
R14=0x00000001003f4cb8 is pointing into metadata
R15=0x0000000003097800 is a thread


Stack: [0x0000000002f70000,0x0000000003070000],  sp=0x00000000030687e0,  free space=993k
Native frames: (J=compiled Java code, j=interpreted, Vv=VM code, C=native code)
C  0x0000000003f3bd60


---------------  P R O C E S S  ---------------

Java Threads: ( => current thread )
  0x00000000190d4800 JavaThread "Service Thread" daemon [_thread_blocked, id=11344, stack(0x0000000019940000,0x0000000019a40000)]
  0x0000000017d04800 JavaThread "C1 CompilerThread2" daemon [_thread_blocked, id=6956, stack(0x0000000019840000,0x0000000019940000)]
  0x0000000017cff000 JavaThread "C2 CompilerThread1" daemon [_thread_blocked, id=2796, stack(0x0000000019740000,0x0000000019840000)]
  0x0000000017ce5000 JavaThread "C2 CompilerThread0" daemon [_thread_in_native, id=248, stack(0x0000000019640000,0x0000000019740000)]
  0x0000000019083800 JavaThread "Attach Listener" daemon [_thread_blocked, id=9052, stack(0x0000000019540000,0x0000000019640000)]
  0x0000000017cf6800 JavaThread "Signal Dispatcher" daemon [_thread_blocked, id=12716, stack(0x0000000019440000,0x0000000019540000)]
  0x000000000318d000 JavaThread "Finalizer" daemon [_thread_blocked, id=4584, stack(0x0000000018f40000,0x0000000019040000)]
  0x0000000017cb9000 JavaThread "Reference Handler" daemon [_thread_blocked, id=14300, stack(0x0000000018e40000,0x0000000018f40000)]
=>0x0000000003097800 JavaThread "main" [_thread_in_Java, id=11448, stack(0x0000000002f70000,0x0000000003070000)]

Other Threads:
  0x0000000017c96000 VMThread [stack: 0x0000000018d40000,0x0000000018e40000] [id=6568]
  0x0000000017d2e800 WatcherThread [stack: 0x0000000019a40000,0x0000000019b40000] [id=11884]

VM state:not at safepoint (normal execution)

VM Mutex/Monitor currently owned by a thread: None

heap address: 0x0000000081a00000, size: 2022 MB, Compressed Oops mode: 32-bit
Narrow klass base: 0x0000000000000000, Narrow klass shift: 3
Compressed class space size: 1073741824 Address: 0x0000000100000000

Heap:
 PSYoungGen      total 153088K, used 69328K [0x00000000d5e00000, 0x00000000e4280000, 0x0000000100000000)
  eden space 137728K, 39% used [0x00000000d5e00000,0x00000000d92ba098,0x00000000de480000)
  from space 15360K, 99% used [0x00000000dfc80000,0x00000000e0b7a2a0,0x00000000e0b80000)
  to   space 24576K, 0% used [0x00000000de480000,0x00000000de480000,0x00000000dfc80000)
 ParOldGen       total 108032K, used 31536K [0x0000000081a00000, 0x0000000088380000, 0x00000000d5e00000)
  object space 108032K, 29% used [0x0000000081a00000,0x00000000838cc3a0,0x0000000088380000)
 Metaspace       used 50848K, capacity 51914K, committed 51968K, reserved 1095680K
  class space    used 6361K, capacity 6623K, committed 6656K, reserved 1048576K

Card table byte_map: [0x0000000012550000,0x0000000012950000] byte_map_base: 0x0000000012143000

Marking Bits: (ParMarkBitMap*) 0x0000000073dc9f30
 Begin Bits: [0x0000000013000000, 0x0000000014f98000)
 End Bits:   [0x0000000014f98000, 0x0000000016f30000)

Polling page: 0x0000000000d20000

CodeCache: size=245760Kb used=20762Kb max_used=20779Kb free=224997Kb
 bounds [0x0000000003190000, 0x0000000004600000, 0x0000000012190000]
 total_blobs=6757 nmethods=6286 adapters=383
 compilation: enabled

Compilation events (10 events):
Event: 7.681 Thread 0x0000000017d04800 nmethod 6917 0x00000000045e0990 code [0x00000000045e0b60, 0x00000000045e0f48]
Event: 7.681 Thread 0x0000000017d04800 6916       2       org.jetbrains.kotlin.resolve.scopes.LexicalChainedScope::getContributedVariables (125 bytes)
Event: 7.682 Thread 0x0000000017d04800 nmethod 6916 0x00000000045e1250 code [0x00000000045e1420, 0x00000000045e17d8]
Event: 7.682 Thread 0x0000000017d04800 6915       2       org.jetbrains.kotlin.resolve.calls.tower.TowerData$BothTowerLevelAndImplicitReceiver::<init> (28 bytes)
Event: 7.682 Thread 0x0000000017d04800 nmethod 6915 0x00000000045e1ad0 code [0x00000000045e1c40, 0x00000000045e1e38]
Event: 7.682 Thread 0x0000000017d04800 6918       2       org.jetbrains.kotlin.resolve.lazy.FileScopeFactory$FilesScopesBuilder$lazyImportingScope$1::recordLookup (22 bytes)
Event: 7.682 Thread 0x0000000017d04800 nmethod 6918 0x00000000045e1f10 code [0x00000000045e2100, 0x00000000045e24b8]
Event: 7.683 Thread 0x0000000017d04800 6919       2       org.jetbrains.kotlin.resolve.calls.smartcasts.DataFlowInfoImpl::and (246 bytes)
Event: 7.684 Thread 0x0000000017d04800 nmethod 6919 0x00000000045e2890 code [0x00000000045e2ae0, 0x00000000045e31f8]
Event: 7.684 Thread 0x0000000017d04800 6920       2       org.jetbrains.kotlin.resolve.scopes.SubpackagesImportingScope::recordLookup (22 bytes)

GC Heap History (10 events):
Event: 1.573 GC heap before
{Heap before GC invocations=4 (full 1):
 PSYoungGen      total 71680K, used 5112K [0x00000000d5e00000, 0x00000000dea00000, 0x0000000100000000)
  eden space 66560K, 0% used [0x00000000d5e00000,0x00000000d5e00000,0x00000000d9f00000)
  from space 5120K, 99% used [0x00000000d9f00000,0x00000000da3fe030,0x00000000da400000)
  to   space 5120K, 0% used [0x00000000de500000,0x00000000de500000,0x00000000dea00000)
 ParOldGen       total 87552K, used 11683K [0x0000000081a00000, 0x0000000086f80000, 0x00000000d5e00000)
  object space 87552K, 13% used [0x0000000081a00000,0x0000000082568f48,0x0000000086f80000)
 Metaspace       used 20711K, capacity 21112K, committed 21296K, reserved 1069056K
  class space    used 2450K, capacity 2593K, committed 2688K, reserved 1048576K
Event: 1.608 GC heap after
Heap after GC invocations=4 (full 1):
 PSYoungGen      total 71680K, used 0K [0x00000000d5e00000, 0x00000000dea00000, 0x0000000100000000)
  eden space 66560K, 0% used [0x00000000d5e00000,0x00000000d5e00000,0x00000000d9f00000)
  from space 5120K, 0% used [0x00000000d9f00000,0x00000000d9f00000,0x00000000da400000)
  to   space 5120K, 0% used [0x00000000de500000,0x00000000de500000,0x00000000dea00000)
 ParOldGen       total 63488K, used 8633K [0x0000000081a00000, 0x0000000085800000, 0x00000000d5e00000)
  object space 63488K, 13% used [0x0000000081a00000,0x000000008226e590,0x0000000085800000)
 Metaspace       used 20711K, capacity 21112K, committed 21296K, reserved 1069056K
  class space    used 2450K, capacity 2593K, committed 2688K, reserved 1048576K
}
Event: 2.919 GC heap before
{Heap before GC invocations=5 (full 1):
 PSYoungGen      total 71680K, used 66560K [0x00000000d5e00000, 0x00000000dea00000, 0x0000000100000000)
  eden space 66560K, 100% used [0x00000000d5e00000,0x00000000d9f00000,0x00000000d9f00000)
  from space 5120K, 0% used [0x00000000d9f00000,0x00000000d9f00000,0x00000000da400000)
  to   space 5120K, 0% used [0x00000000de500000,0x00000000de500000,0x00000000dea00000)
 ParOldGen       total 63488K, used 8633K [0x0000000081a00000, 0x0000000085800000, 0x00000000d5e00000)
  object space 63488K, 13% used [0x0000000081a00000,0x000000008226e590,0x0000000085800000)
 Metaspace       used 30102K, capacity 30634K, committed 30976K, reserved 1077248K
  class space    used 3856K, capacity 3994K, committed 4096K, reserved 1048576K
Event: 2.935 GC heap after
Heap after GC invocations=5 (full 1):
 PSYoungGen      total 104960K, used 5091K [0x00000000d5e00000, 0x00000000dea00000, 0x0000000100000000)
  eden space 99840K, 0% used [0x00000000d5e00000,0x00000000d5e00000,0x00000000dbf80000)
  from space 5120K, 99% used [0x00000000de500000,0x00000000de9f8c70,0x00000000dea00000)
  to   space 5120K, 0% used [0x00000000de000000,0x00000000de000000,0x00000000de500000)
 ParOldGen       total 63488K, used 20031K [0x0000000081a00000, 0x0000000085800000, 0x00000000d5e00000)
  object space 63488K, 31% used [0x0000000081a00000,0x0000000082d8fc78,0x0000000085800000)
 Metaspace       used 30102K, capacity 30634K, committed 30976K, reserved 1077248K
  class space    used 3856K, capacity 3994K, committed 4096K, reserved 1048576K
}
Event: 3.625 GC heap before
{Heap before GC invocations=6 (full 1):
 PSYoungGen      total 104960K, used 35359K [0x00000000d5e00000, 0x00000000dea00000, 0x0000000100000000)
  eden space 99840K, 30% used [0x00000000d5e00000,0x00000000d7b8f338,0x00000000dbf80000)
  from space 5120K, 99% used [0x00000000de500000,0x00000000de9f8c70,0x00000000dea00000)
  to   space 5120K, 0% used [0x00000000de000000,0x00000000de000000,0x00000000de500000)
 ParOldGen       total 63488K, used 20031K [0x0000000081a00000, 0x0000000085800000, 0x00000000d5e00000)
  object space 63488K, 31% used [0x0000000081a00000,0x0000000082d8fc78,0x0000000085800000)
 Metaspace       used 34872K, capacity 35426K, committed 35496K, reserved 1081344K
  class space    used 4459K, capacity 4607K, committed 4608K, reserved 1048576K
Event: 3.635 GC heap after
Heap after GC invocations=6 (full 1):
 PSYoungGen      total 138240K, used 5100K [0x00000000d5e00000, 0x00000000e0b80000, 0x0000000100000000)
  eden space 133120K, 0% used [0x00000000d5e00000,0x00000000d5e00000,0x00000000de000000)
  from space 5120K, 99% used [0x00000000de000000,0x00000000de4fb130,0x00000000de500000)
  to   space 15360K, 0% used [0x00000000dfc80000,0x00000000dfc80000,0x00000000e0b80000)
 ParOldGen       total 63488K, used 25902K [0x0000000081a00000, 0x0000000085800000, 0x00000000d5e00000)
  object space 63488K, 40% used [0x0000000081a00000,0x000000008334b938,0x0000000085800000)
 Metaspace       used 34872K, capacity 35426K, committed 35496K, reserved 1081344K
  class space    used 4459K, capacity 4607K, committed 4608K, reserved 1048576K
}
Event: 3.635 GC heap before
{Heap before GC invocations=7 (full 2):
 PSYoungGen      total 138240K, used 5100K [0x00000000d5e00000, 0x00000000e0b80000, 0x0000000100000000)
  eden space 133120K, 0% used [0x00000000d5e00000,0x00000000d5e00000,0x00000000de000000)
  from space 5120K, 99% used [0x00000000de000000,0x00000000de4fb130,0x00000000de500000)
  to   space 15360K, 0% used [0x00000000dfc80000,0x00000000dfc80000,0x00000000e0b80000)
 ParOldGen       total 63488K, used 25902K [0x0000000081a00000, 0x0000000085800000, 0x00000000d5e00000)
  object space 63488K, 40% used [0x0000000081a00000,0x000000008334b938,0x0000000085800000)
 Metaspace       used 34872K, capacity 35426K, committed 35496K, reserved 1081344K
  class space    used 4459K, capacity 4607K, committed 4608K, reserved 1048576K
Event: 3.711 GC heap after
Heap after GC invocations=7 (full 2):
 PSYoungGen      total 138240K, used 0K [0x00000000d5e00000, 0x00000000e0b80000, 0x0000000100000000)
  eden space 133120K, 0% used [0x00000000d5e00000,0x00000000d5e00000,0x00000000de000000)
  from space 5120K, 0% used [0x00000000de000000,0x00000000de000000,0x00000000de500000)
  to   space 15360K, 0% used [0x00000000dfc80000,0x00000000dfc80000,0x00000000e0b80000)
 ParOldGen       total 108032K, used 18762K [0x0000000081a00000, 0x0000000088380000, 0x00000000d5e00000)
  object space 108032K, 17% used [0x0000000081a00000,0x0000000082c529c8,0x0000000088380000)
 Metaspace       used 34872K, capacity 35426K, committed 35496K, reserved 1081344K
  class space    used 4459K, capacity 4607K, committed 4608K, reserved 1048576K
}
Event: 6.036 GC heap before
{Heap before GC invocations=8 (full 2):
 PSYoungGen      total 138240K, used 133063K [0x00000000d5e00000, 0x00000000e0b80000, 0x0000000100000000)
  eden space 133120K, 99% used [0x00000000d5e00000,0x00000000ddff1cc8,0x00000000de000000)
  from space 5120K, 0% used [0x00000000de000000,0x00000000de000000,0x00000000de500000)
  to   space 15360K, 0% used [0x00000000dfc80000,0x00000000dfc80000,0x00000000e0b80000)
 ParOldGen       total 108032K, used 18762K [0x0000000081a00000, 0x0000000088380000, 0x00000000d5e00000)
  object space 108032K, 17% used [0x0000000081a00000,0x0000000082c529c8,0x0000000088380000)
 Metaspace       used 43906K, capacity 44736K, committed 44928K, reserved 1089536K
  class space    used 5461K, capacity 5652K, committed 5760K, reserved 1048576K
Event: 6.070 GC heap after
Heap after GC invocations=8 (full 2):
 PSYoungGen      total 153088K, used 15336K [0x00000000d5e00000, 0x00000000e4280000, 0x0000000100000000)
  eden space 137728K, 0% used [0x00000000d5e00000,0x00000000d5e00000,0x00000000de480000)
  from space 15360K, 99% used [0x00000000dfc80000,0x00000000e0b7a2a0,0x00000000e0b80000)
  to   space 24576K, 0% used [0x00000000de480000,0x00000000de480000,0x00000000dfc80000)
 ParOldGen       total 108032K, used 31536K [0x0000000081a00000, 0x0000000088380000, 0x00000000d5e00000)
  object space 108032K, 29% used [0x0000000081a00000,0x00000000838cc3a0,0x0000000088380000)
 Metaspace       used 43906K, capacity 44736K, committed 44928K, reserved 1089536K
  class space    used 5461K, capacity 5652K, committed 5760K, reserved 1048576K
}

Deoptimization events (10 events):
Event: 7.578 Thread 0x0000000003097800 Uncommon trap: reason=null_check action=make_not_entrant pc=0x00000000043fe310 method=org.jetbrains.kotlin.load.java.components.JavaAnnotationDescriptor.<init>(Lorg/jetbrains/kotlin/load/java/lazy/LazyJavaResolverContext;Lorg/jetbrains/kotlin/load/java/st
Event: 7.580 Thread 0x0000000003097800 Uncommon trap: reason=null_check action=make_not_entrant pc=0x00000000044a3030 method=org.jetbrains.kotlin.builtins.KotlinBuiltIns.isTypeConstructorForGivenClass(Lorg/jetbrains/kotlin/types/TypeConstructor;Lorg/jetbrains/kotlin/name/FqNameUnsafe;)Z @ 26
Event: 7.581 Thread 0x0000000003097800 Uncommon trap: reason=bimorphic action=maybe_recompile pc=0x0000000003c3ebbc method=org.jetbrains.kotlin.com.intellij.psi.impl.source.tree.TreeElement.rawRemoveUpToWithoutNotifications(Lorg/jetbrains/kotlin/com/intellij/psi/impl/source/tree/TreeElement;Z)
Event: 7.582 Thread 0x0000000003097800 Uncommon trap: reason=null_check action=make_not_entrant pc=0x00000000045975c4 method=org.jetbrains.kotlin.psi.KtPsiUtil.deparenthesizeOnce(Lorg/jetbrains/kotlin/psi/KtExpression;Z)Lorg/jetbrains/kotlin/psi/KtExpression; @ 1
Event: 7.582 Thread 0x0000000003097800 Uncommon trap: reason=unstable_if action=reinterpret pc=0x000000000453b024 method=org.jetbrains.kotlin.types.TypeUtils.contains(Lorg/jetbrains/kotlin/types/KotlinType;Lkotlin/jvm/functions/Function1;Ljava/util/HashSet;)Z @ 49
Event: 7.597 Thread 0x0000000003097800 Uncommon trap: reason=class_check action=maybe_recompile pc=0x0000000004350480 method=org.jetbrains.kotlin.com.intellij.psi.impl.source.CharTableImpl$StringHashToCharSequencesMap.getSubSequenceWithHashCode(ILjava/lang/CharSequence;II)Ljava/lang/CharSequen
Event: 7.597 Thread 0x0000000003097800 Uncommon trap: reason=unstable_if action=reinterpret pc=0x00000000043545f0 method=org.jetbrains.kotlin.com.intellij.psi.impl.source.CharTableImpl$StringHashToCharSequencesMap.charSequenceSubSequenceEquals(Ljava/lang/CharSequence;Ljava/lang/CharSequence;II
Event: 7.632 Thread 0x0000000003097800 Uncommon trap: reason=class_check action=maybe_recompile pc=0x000000000412010c method=org.jetbrains.kotlin.types.TypeConstructorSubstitution$Companion$createByConstructorsMap$1.isEmpty()Z @ 4
Event: 7.661 Thread 0x0000000003097800 Uncommon trap: reason=bimorphic action=maybe_recompile pc=0x00000000044695c0 method=org.jetbrains.kotlin.load.java.lazy.descriptors.LazyJavaScope.getContributedFunctions(Lorg/jetbrains/kotlin/name/Name;Lorg/jetbrains/kotlin/incremental/components/LookupLo
Event: 7.661 Thread 0x0000000003097800 Uncommon trap: reason=bimorphic action=maybe_recompile pc=0x00000000044695c0 method=org.jetbrains.kotlin.load.java.lazy.descriptors.LazyJavaScope.getContributedFunctions(Lorg/jetbrains/kotlin/name/Name;Lorg/jetbrains/kotlin/incremental/components/LookupLo

Classes redefined (0 events):
No events

Internal exceptions (10 events):
Event: 6.455 Thread 0x0000000003097800 Exception <a 'java/lang/NoSuchMethodError': java.lang.Object.lambda$static$0(I)[Lorg/jetbrains/kotlin/com/intellij/psi/PsiTypeElement;> (0x00000000d6b2bb48) thrown at [D:\src\AOSP-openjdk-cygwin\jdk8u\hotspot\src\share\vm\interpreter\linkResolver.cpp, lin
Event: 6.558 Thread 0x0000000003097800 Exception <a 'java/lang/NoSuchMethodError': java.lang.Object.lambda$static$0(I)[Lorg/jetbrains/kotlin/com/intellij/psi/PsiTypeParameter;> (0x00000000d719a2c8) thrown at [D:\src\AOSP-openjdk-cygwin\jdk8u\hotspot\src\share\vm\interpreter\linkResolver.cpp, l
Event: 6.591 Thread 0x0000000003097800 Exception <a 'java/lang/NoSuchMethodError': java.lang.Object.lambda$static$0(I)[Lorg/jetbrains/kotlin/com/intellij/psi/PsiMethod;> (0x00000000d725ad30) thrown at [D:\src\AOSP-openjdk-cygwin\jdk8u\hotspot\src\share\vm\interpreter\linkResolver.cpp, line 620
Event: 6.593 Thread 0x0000000003097800 Exception <a 'java/lang/NoSuchMethodError': java.lang.Object.lambda$static$0(I)[Lorg/jetbrains/kotlin/com/intellij/psi/PsiField;> (0x00000000d72658e8) thrown at [D:\src\AOSP-openjdk-cygwin\jdk8u\hotspot\src\share\vm\interpreter\linkResolver.cpp, line 620]
Event: 6.627 Thread 0x0000000003097800 Exception <a 'java/lang/NoSuchMethodError': java.lang.Object.lambda$static$0(I)[Lorg/jetbrains/kotlin/com/intellij/psi/PsiJavaCodeReferenceElement;> (0x00000000d731aaa8) thrown at [D:\src\AOSP-openjdk-cygwin\jdk8u\hotspot\src\share\vm\interpreter\linkReso
Event: 7.178 Thread 0x0000000003097800 Exception <a 'java/lang/IncompatibleClassChangeError': Found class java.lang.Object, but interface was expected> (0x00000000d88ee4c0) thrown at [D:\src\AOSP-openjdk-cygwin\jdk8u\hotspot\src\share\vm\interpreter\linkResolver.cpp, line 653]
Event: 7.578 Thread 0x0000000003097800 Implicit null exception at 0x000000000440a7cf to 0x000000000440acf1
Event: 7.578 Thread 0x0000000003097800 Implicit null exception at 0x00000000043fde0f to 0x00000000043fe305
Event: 7.580 Thread 0x0000000003097800 Implicit null exception at 0x00000000044a2cf9 to 0x00000000044a3021
Event: 7.582 Thread 0x0000000003097800 Implicit null exception at 0x00000000045974af to 0x00000000045975b5

Events (10 events):
Event: 7.648 loading class org/jetbrains/kotlin/resolve/calls/context/ResolutionContext
Event: 7.648 loading class org/jetbrains/kotlin/resolve/calls/context/ResolutionContext done
Event: 7.649 loading class org/jetbrains/kotlin/resolve/calls/CallResolver
Event: 7.649 loading class org/jetbrains/kotlin/resolve/calls/CallResolver done
Event: 7.661 Thread 0x0000000003097800 Uncommon trap: trap_request=0xffffffc6 fr.pc=0x00000000044695c0
Event: 7.661 Thread 0x0000000003097800 DEOPT PACKING pc=0x00000000044695c0 sp=0x000000000306ab00
Event: 7.661 Thread 0x0000000003097800 DEOPT UNPACKING pc=0x00000000031d557b sp=0x000000000306aac0 mode 2
Event: 7.661 Thread 0x0000000003097800 Uncommon trap: trap_request=0xffffffc6 fr.pc=0x00000000044695c0
Event: 7.661 Thread 0x0000000003097800 DEOPT PACKING pc=0x00000000044695c0 sp=0x000000000306a9d0
Event: 7.661 Thread 0x0000000003097800 DEOPT UNPACKING pc=0x00000000031d557b sp=0x000000000306a990 mode 2


Dynamic libraries:
0x00007ff608c50000 - 0x00007ff608c81000 	C:\Program Files\Android\Android Studio\jre\jre\bin\java.exe
0x00007ffac6e30000 - 0x00007ffac7025000 	C:\Windows\SYSTEM32\ntdll.dll
0x00007ffac5270000 - 0x00007ffac532d000 	C:\Windows\System32\KERNEL32.DLL
0x00007ffac4990000 - 0x00007ffac4c59000 	C:\Windows\System32\KERNELBASE.dll
0x00007ffac6d40000 - 0x00007ffac6dec000 	C:\Windows\System32\ADVAPI32.dll
0x00007ffac6680000 - 0x00007ffac671e000 	C:\Windows\System32\msvcrt.dll
0x00007ffac6bc0000 - 0x00007ffac6c5c000 	C:\Windows\System32\sechost.dll
0x00007ffac5850000 - 0x00007ffac597b000 	C:\Windows\System32\RPCRT4.dll
0x00007ffac50d0000 - 0x00007ffac5270000 	C:\Windows\System32\USER32.dll
0x00007ffac4d10000 - 0x00007ffac4d32000 	C:\Windows\System32\win32u.dll
0x00007ffac5980000 - 0x00007ffac59aa000 	C:\Windows\System32\GDI32.dll
0x00007ffac4670000 - 0x00007ffac477b000 	C:\Windows\System32\gdi32full.dll
0x00007ffac4d40000 - 0x00007ffac4ddd000 	C:\Windows\System32\msvcp_win.dll
0x00007ffac4570000 - 0x00007ffac4670000 	C:\Windows\System32\ucrtbase.dll
0x00007ffac3990000 - 0x00007ffac3c2a000 	C:\Windows\WinSxS\amd64_microsoft.windows.common-controls_6595b64144ccf1df_6.0.19041.844_none_ca00b6081b84eb1d\COMCTL32.dll
0x00007ffac6b90000 - 0x00007ffac6bc0000 	C:\Windows\System32\IMM32.DLL
0x0000000073150000 - 0x0000000073222000 	C:\Program Files\Android\Android Studio\jre\jre\bin\msvcr100.dll
0x0000000073600000 - 0x0000000073e46000 	C:\Program Files\Android\Android Studio\jre\jre\bin\server\jvm.dll
0x00007ffac6240000 - 0x00007ffac6248000 	C:\Windows\System32\PSAPI.DLL
0x00007ffabc950000 - 0x00007ffabc95a000 	C:\Windows\SYSTEM32\VERSION.dll
0x00007ffab4840000 - 0x00007ffab4867000 	C:\Windows\SYSTEM32\WINMM.dll
0x00007ffabe9f0000 - 0x00007ffabe9f9000 	C:\Windows\SYSTEM32\WSOCK32.dll
0x00007ffac6cd0000 - 0x00007ffac6d3b000 	C:\Windows\System32\ws2_32.DLL
0x00007ffabdee0000 - 0x00007ffabdeef000 	C:\Program Files\Android\Android Studio\jre\jre\bin\verify.dll
0x00007ffabba20000 - 0x00007ffabba49000 	C:\Program Files\Android\Android Studio\jre\jre\bin\java.dll
0x00007ffabdea0000 - 0x00007ffabdeb6000 	C:\Program Files\Android\Android Studio\jre\jre\bin\zip.dll
0x00007ffac5ae0000 - 0x00007ffac6222000 	C:\Windows\System32\SHELL32.dll
0x00007ffac19c0000 - 0x00007ffac2150000 	C:\Windows\SYSTEM32\windows.storage.dll
0x00007ffac5330000 - 0x00007ffac5685000 	C:\Windows\System32\combase.dll
0x00007ffac38d0000 - 0x00007ffac38fc000 	C:\Windows\SYSTEM32\Wldp.dll
0x00007ffac65d0000 - 0x00007ffac667e000 	C:\Windows\System32\SHCORE.dll
0x00007ffac62b0000 - 0x00007ffac6305000 	C:\Windows\System32\shlwapi.dll
0x00007ffac44b0000 - 0x00007ffac44cf000 	C:\Windows\SYSTEM32\profapi.dll
0x00007ffabdbd0000 - 0x00007ffabdbea000 	C:\Program Files\Android\Android Studio\jre\jre\bin\net.dll
0x00007ffac3770000 - 0x00007ffac37da000 	C:\Windows\system32\mswsock.dll
0x00007ffabd2d0000 - 0x00007ffabd2e1000 	C:\Program Files\Android\Android Studio\jre\jre\bin\nio.dll
0x00007ffac3fa0000 - 0x00007ffac4184000 	C:\Windows\SYSTEM32\dbghelp.dll
0x00007ffac48e0000 - 0x00007ffac4960000 	C:\Windows\System32\bcryptPrimitives.dll

VM Arguments:
java_command: org.jetbrains.kotlin.cli.jvm.K2JVMCompiler -Xallow-no-source-files -classpath C:\Users\76537\.gradle\caches\modules-2\files-2.1\org.jetbrains.kotlin\kotlin-android-extensions-runtime\1.3.50\bec16087637a7cafe54894e73d38037977cb30d2\kotlin-android-extensions-runtime-1.3.50.jar;C:\Users\76537\.gradle\caches\modules-2\files-2.1\org.jetbrains.kotlin\kotlin-stdlib-jdk7\1.3.50\50ad05ea1c2595fb31b800e76db464d08d599af3\kotlin-stdlib-jdk7-1.3.50.jar;C:\Users\76537\.gradle\caches\transforms-2\files-2.1\cb844b4ccaacb81257ed3d8a91337d05\core-ktx-1.0.2-api.jar;C:\Users\76537\.gradle\caches\transforms-2\files-2.1\a11d10fe4070d7feeb536c10343b9d2d\navigation-fragment-ktx-2.0.0-api.jar;C:\Users\76537\.gradle\caches\transforms-2\files-2.1\bac025d1d508cef6f969b18036ab398e\navigation-ui-ktx-2.0.0-api.jar;C:\Users\76537\.gradle\caches\transforms-2\files-2.1\7f0ca64c4a9108ca8f2637ddfcf14f0a\navigation-runtime-ktx-2.0.0-api.jar;C:\Users\76537\.gradle\caches\transforms-2\files-2.1\8d54d730543fdeaddfeec58e4e70d981\navigation-common-ktx-2.0.0-api.jar;C:\Users\76537\.gradle\caches\modules-2\files-2.1\org.jetbrains.kotlin\kotlin-stdlib\1.3.50\b529d1738c7e98bbfa36a4134039528f2ce78ebf\kotlin-stdlib-1.3.50.jar;C:\Users\76537\.gradle\caches\modules-2\files-2.1\org.jetbrains.kotlin\kotlin-stdlib-common\1.3.50\3d9cd3e1bc7b92e95f43d45be3bfbcf38e36ab87\kotlin-stdlib-common-1.3.50.jar;C:\Users\76537\.gradle\caches\modules-2\files-2.1\org.jetbrains\annotations\13.0\919f0dfe192fb4e063e7dacadee7f8bb9a2672a9\annotations-13.0.jar;C:\Users\76537\.gradle\caches\transforms-2\files-2.1\200392fc9e0a6bde855806b9342ab564\jetified-navigation-ui-2.0.0-api.jar;C:\Users\76537\.gradle\caches\transforms-2\files-2.1\b31487d4183ab8e3ce1aacbea123e3bc\material-1.0.0-api.jar;C:\Users\76537\.gradle\caches\transforms-2\files-2.1\c5cfeb0a19eb0cc49d4a2dae5fd6f005\appcompat-1.0.2-api.jar;C:\Users\76537\.gradle\caches\transforms-2\files-2.1\3af1fbfc9227360cd15bf63ddbacfacf\legacy-support-v4-1.0.0-api.jar;C:\Users\76
java_class_path (initial): C:\Users\76537\.gradle\caches\modules-2\files-2.1\org.jetbrains.kotlin\kotlin-compiler-embeddable\1.3.50\1251c1768e5769b06c2487d6f6cf8acf6efb8960\kotlin-compiler-embeddable-1.3.50.jar;C:\Users\76537\.gradle\caches\modules-2\files-2.1\org.jetbrains.kotlin\kotlin-reflect\1.3.50\b499f22fd7c3e9c2e5b6c4005221fa47fc7f9a7a\kotlin-reflect-1.3.50.jar;C:\Users\76537\.gradle\caches\modules-2\files-2.1\org.jetbrains.kotlin\kotlin-stdlib\1.3.50\b529d1738c7e98bbfa36a4134039528f2ce78ebf\kotlin-stdlib-1.3.50.jar;C:\Users\76537\.gradle\caches\modules-2\files-2.1\org.jetbrains.kotlin\kotlin-script-runtime\1.3.50\59492b8dfb92522ba0ddb5dd1c4d0ef0a4fca1af\kotlin-script-runtime-1.3.50.jar;C:\Users\76537\.gradle\caches\modules-2\files-2.1\org.jetbrains.kotlin\kotlin-daemon-embeddable\1.3.50\5cb93bb33f4c6f833ead0beca4c831668e00cf52\kotlin-daemon-embeddable-1.3.50.jar;C:\Users\76537\.gradle\caches\modules-2\files-2.1\org.jetbrains.intellij.deps\trove4j\1.0.20181211\216c2e14b070f334479d800987affe4054cd563f\trove4j-1.0.20181211.jar;C:\Users\76537\.gradle\caches\modules-2\files-2.1\org.jetbrains.kotlin\kotlin-stdlib-common\1.3.50\3d9cd3e1bc7b92e95f43d45be3bfbcf38e36ab87\kotlin-stdlib-common-1.3.50.jar;C:\Users\76537\.gradle\caches\modules-2\files-2.1\org.jetbrains\annotations\13.0\919f0dfe192fb4e063e7dacadee7f8bb9a2672a9\annotations-13.0.jar;C:\Program Files\Android\Android Studio\jre\lib\tools.jar
Launcher Type: SUN_STANDARD

Environment Variables:
PATH=C:\Program Files (x86)\Common Files\Oracle\Java\javapath;C:\Program Files (x86)\Intel\Intel(R) Management Engine Components\iCLS\;C:\Program Files\Intel\Intel(R) Management Engine Components\iCLS\;C:\Program Files\AdoptOpenJDK\jdk-8.0.282.8-openj9\bin;C:\Program Files\AdoptOpenJDK\jdk-8.0.282.8-hotspot\bin;C:\Windows\system32;C:\Windows;C:\Windows\System32\Wbem;C:\Windows\System32\WindowsPowerShell\v1.0\;C:\Windows\System32\OpenSSH\;C:\Program Files (x86)\NVIDIA Corporation\PhysX\Common;D:\Program Files\nodejs\;D:\Program Files\Git\cmd;C:\Program Files (x86)\Intel\Intel(R) Management Engine Components\DAL;C:\Program Files\Intel\Intel(R) Management Engine Components\DAL;C:\Program Files (x86)\Intel\Intel(R) Management Engine Components\IPT;C:\Program Files\Intel\Intel(R) Management Engine Components\IPT;C:\Users\76537\AppData\Local\Programs\Python\Python39\Scripts\;C:\Users\76537\AppData\Local\Programs\Python\Python39\;C:\Users\76537\AppData\Local\Microsoft\WindowsApps;C:\Program Files\Bandizip\;C:\Users\76537\AppData\Roaming\npm;C:\Users\76537\AppData\Local\GitHubDesktop\bin;D:\Program Files\Microsoft VS Code\bin
USERNAME=76537
OS=Windows_NT
PROCESSOR_IDENTIFIER=Intel64 Family 6 Model 158 Stepping 9, GenuineIntel



---------------  S Y S T E M  ---------------

OS: Windows 10.0 , 64 bit Build 19041 (10.0.19041.804)

CPU:total 4 (initial active 4) (4 cores per cpu, 1 threads per core) family 6 model 158 stepping 9, cmov, cx8, fxsr, mmx, sse, sse2, sse3, ssse3, sse4.1, sse4.2, popcnt, avx, avx2, aes, clmul, erms, 3dnowpref, lzcnt, tsc, tscinvbit, bmi1, bmi2, adx

Memory: 4k page, physical 8275220k(1811116k free), swap 14566676k(4992652k free)

vm_info: OpenJDK 64-Bit Server VM (25.202-b03) for windows-amd64 JRE (1.8.0_202-release-1483-b03), built by "builder" with MS VC++ 10.0 (VS2010)

time: Mon Apr 19 09:09:56 2021
timezone: 中国标准时间
elapsed time: 7 seconds (0d 0h 0m 7s)

