#
# A fatal error has been detected by the Java Runtime Environment:
#
#  EXCEPTION_ACCESS_VIOLATION (0xc0000005) at pc=0x000000007363ff12, pid=76, tid=0x00000000000026c8
#
# JRE version: OpenJDK Runtime Environment (8.0_202-b03) (build 1.8.0_202-release-1483-b03)
# Java VM: OpenJDK 64-Bit Server VM (25.202-b03 mixed mode windows-amd64 compressed oops)
# Problematic frame:
# V  [jvm.dll+0x3ff12]
#
# Failed to write core dump. Minidumps are not enabled by default on client versions of Windows
#
# If you would like to submit a bug report, please visit:
#   http://bugreport.java.com/bugreport/crash.jsp
#

---------------  T H R E A D  ---------------

Current thread (0x000000001d3eb000):  JavaThread "WorkerExecutor Queue" [_thread_in_vm, id=9928, stack(0x0000000023e50000,0x0000000023f50000)]

siginfo: ExceptionCode=0xc0000005, reading address 0x0000000075484c80

Registers:
RAX=0x0000000000000002, RBX=0x0000000075484c70, RCX=0x0000000000000001, RDX=0x000000000000000c
RSP=0x0000000023f4dcb0, RBP=0x0000000000000001, RSI=0x00000000f5484e70, RDI=0x0000000000000000
R8 =0x000000001d3eb000, R9 =0x00000000e0f43300, R10=0x0000000015e4f130, R11=0x00000000e0f43230
R12=0x0000000075484c70, R13=0x0000000000000000, R14=0x0000000000000000, R15=0x000000001d3eb000
RIP=0x000000007363ff12, EFLAGS=0x0000000000010202

Top of Stack: (sp=0x0000000023f4dcb0)
0x0000000023f4dcb0:   0000000000000000 0000000023f4dd29
0x0000000023f4dcc0:   0000000019ca4e10 0000000019ca4e90
0x0000000023f4dcd0:   000000001d3eb000 0000000023f4df40
0x0000000023f4dce0:   0000000019ca4e18 0000000019ca4e88
0x0000000023f4dcf0:   000000001b6eb600 000000001d3eb000
0x0000000023f4dd00:   000000001d3eb000 00000000736400db
0x0000000023f4dd10:   000000001b6eb608 0000000019ca4ed0
0x0000000023f4dd20:   00000000f5484d38 000000001d3eb000
0x0000000023f4dd30:   0000000019ca4e90 000000007365920a
0x0000000023f4dd40:   0000000023f4df40 0000000026e561b0
0x0000000023f4dd50:   0000000019ca4e88 0000000023f4df40
0x0000000023f4dd60:   0000000019ca4e18 0000000000000000
0x0000000023f4dd70:   0000000019ca4e10 000000007365a828
0x0000000023f4dd80:   0000000023f4de80 0000000019ca4ec0
0x0000000023f4dd90:   0000000100ad5748 0000000019ca4e90
0x0000000023f4dda0:   0000000023f4df38 000000001d3eb000 

Instructions: (pc=0x000000007363ff12)
0x000000007363fef2:   e3 b8 10 00 00 00 40 84 ed 74 2f 84 c9 48 0f 45
0x000000007363ff02:   c2 83 c0 0b 48 98 48 83 e0 f8 48 c1 e8 03 48 98
0x000000007363ff12:   8b 0c c3 85 c9 75 05 48 8b f7 eb 27 48 8b f1 41
0x000000007363ff22:   8b cd 48 d3 e6 49 03 f6 eb 19 84 c9 48 0f 45 c2 


Register to memory mapping:

RAX=0x0000000000000002 is an unknown value
RBX=0x0000000075484c70 is an unknown value
RCX=0x0000000000000001 is an unknown value
RDX=0x000000000000000c is an unknown value
RSP=0x0000000023f4dcb0 is pointing into the stack for thread: 0x000000001d3eb000
RBP=0x0000000000000001 is an unknown value
RSI=0x00000000f5484e70 is an oop
java.lang.Class 
 - klass: 'java/lang/Class'
RDI=0x0000000000000000 is an unknown value
R8 =0x000000001d3eb000 is a thread
R9 =0x00000000e0f43300 is an oop
[Ljava.lang.Object; 
 - klass: 'java/lang/Object'[]
 - length: 1
R10={method} {0x0000000015e4f138} 'linkCallSite' '(Ljava/lang/Object;Ljava/lang/Object;Ljava/lang/Object;Ljava/lang/Object;Ljava/lang/Object;[Ljava/lang/Object;)Ljava/lang/invoke/MemberName;' in 'java/lang/invoke/MethodHandleNatives'
R11=0x00000000e0f43230 is an oop
java.lang.invoke.MethodType 
 - klass: 'java/lang/invoke/MethodType'
R12=0x0000000075484c70 is an unknown value
R13=0x0000000000000000 is an unknown value
R14=0x0000000000000000 is an unknown value
R15=0x000000001d3eb000 is a thread


Stack: [0x0000000023e50000,0x0000000023f50000],  sp=0x0000000023f4dcb0,  free space=1015k
Native frames: (J=compiled Java code, j=interpreted, Vv=VM code, C=native code)
V  [jvm.dll+0x3ff12]
V  [jvm.dll+0x400db]
V  [jvm.dll+0x5920a]
V  [jvm.dll+0x5a828]
V  [jvm.dll+0x9e1b0]
V  [jvm.dll+0x9f6ba]
V  [jvm.dll+0x9f81a]
V  [jvm.dll+0x961c3]
C  0x0000000002e4607f

Java frames: (J=compiled Java code, j=interpreted, Vv=VM code)
j  com.android.tools.build.apkzlib.zip.compress.ExecutorCompressor.compress(Lcom/android/tools/build/apkzlib/zip/utils/CloseableByteSource;Lcom/android/tools/build/apkzlib/bytestorage/ByteStorage;)Lcom/google/common/util/concurrent/ListenableFuture;+12
j  com.android.tools.build.apkzlib.zip.ZFile.createSources(ZLcom/android/tools/build/apkzlib/zip/utils/CloseableByteSource;Lcom/google/common/util/concurrent/SettableFuture;Lcom/android/tools/build/apkzlib/zip/CentralDirectoryHeader;)Lcom/android/tools/build/apkzlib/zip/ProcessedAndRawByteSources;+13
j  com.android.tools.build.apkzlib.zip.ZFile.makeStoredEntry(Ljava/lang/String;Ljava/io/InputStream;Z)Lcom/android/tools/build/apkzlib/zip/StoredEntry;+119
j  com.android.tools.build.apkzlib.zip.ZFile.add(Ljava/lang/String;Ljava/io/InputStream;Z)V+13
j  com.android.tools.build.apkzlib.zip.ZFile.add(Ljava/lang/String;Ljava/io/InputStream;)V+8
j  com.android.builder.merge.MergeOutputWriters$2.create(Ljava/lang/String;Ljava/io/InputStream;)V+23
j  com.android.builder.merge.IncrementalFileMergerOutputs$1.create(Ljava/lang/String;Ljava/util/List;)V+62
j  com.android.builder.merge.DelegateIncrementalFileMergerOutput.create(Ljava/lang/String;Ljava/util/List;)V+6
j  com.android.build.gradle.internal.tasks.MergeJavaResourcesDelegate$run$output$1.create(Ljava/lang/String;Ljava/util/List;)V+23
j  com.android.builder.merge.IncrementalFileMerger.updateChangedFile(Ljava/util/List;Lcom/google/common/collect/ImmutableList;Lcom/android/builder/merge/IncrementalFileMergerOutput;Ljava/lang/String;Lcom/android/builder/merge/IncrementalFileMergerState$Builder;)V+38
j  com.android.builder.merge.IncrementalFileMerger.mergeChangedInputs(Ljava/util/List;Lcom/android/builder/merge/IncrementalFileMergerOutput;Lcom/android/builder/merge/IncrementalFileMergerState;Lcom/android/builder/merge/IncrementalFileMergerState$Builder;)V+269
j  com.android.builder.merge.IncrementalFileMerger.merge(Ljava/util/List;Lcom/android/builder/merge/IncrementalFileMergerOutput;Lcom/android/builder/merge/IncrementalFileMergerState;)Lcom/android/builder/merge/IncrementalFileMergerState;+91
j  com.android.build.gradle.internal.tasks.MergeJavaResourcesDelegate.run()V+665
j  com.android.build.gradle.internal.tasks.MergeJavaResRunnable.run()V+517
j  com.android.build.gradle.internal.tasks.Workers$ActionFacade.run()V+129
j  org.gradle.workers.internal.DefaultWorkerServer.execute(Lorg/gradle/workers/internal/ActionExecutionSpec;)Lorg/gradle/workers/internal/DefaultWorkResult;+39
j  org.gradle.workers.internal.NoIsolationWorkerFactory$1$1.execute(Lorg/gradle/workers/internal/ActionExecutionSpec;)Lorg/gradle/workers/internal/DefaultWorkResult;+20
j  org.gradle.workers.internal.AbstractWorker$1.call(Lorg/gradle/internal/operations/BuildOperationContext;)Lorg/gradle/workers/internal/DefaultWorkResult;+8
j  org.gradle.workers.internal.AbstractWorker$1.call(Lorg/gradle/internal/operations/BuildOperationContext;)Ljava/lang/Object;+2
J 6595 C1 org.gradle.internal.operations.DefaultBuildOperationExecutor$CallableBuildOperationWorker.execute(Lorg/gradle/internal/operations/BuildOperation;Lorg/gradle/internal/operations/BuildOperationContext;)V (10 bytes) @ 0x00000000033c2fec [0x00000000033c2d80+0x26c]
J 4167 C1 org.gradle.internal.operations.DefaultBuildOperationExecutor$1.execute(Lorg/gradle/internal/operations/BuildOperationDescriptor;Lorg/gradle/internal/operations/DefaultBuildOperationExecutor$DefaultBuildOperationContext;Lorg/gradle/internal/operations/DefaultBuildOperationExecutor$BuildOperationExecutionListener;)Lorg/gradle/internal/operations/BuildOperation; (82 bytes) @ 0x0000000003af88b4 [0x0000000003af8740+0x174]
J 4040 C1 org.gradle.internal.operations.DefaultBuildOperationExecutor.execute(Lorg/gradle/internal/operations/BuildOperationDescriptor$Builder;Lorg/gradle/internal/operations/DefaultBuildOperationExecutor$BuildOperationState;Lorg/gradle/internal/operations/DefaultBuildOperationExecutor$BuildOperationExecution;)Lorg/gradle/internal/operations/BuildOperation; (111 bytes) @ 0x0000000003aa254c [0x0000000003aa15c0+0xf8c]
J 5964 C1 org.gradle.internal.operations.DefaultBuildOperationExecutor.call(Lorg/gradle/internal/operations/CallableBuildOperation;)Ljava/lang/Object; (38 bytes) @ 0x000000000365246c [0x0000000003651d60+0x70c]
J 5963 C1 org.gradle.internal.operations.DelegatingBuildOperationExecutor.call(Lorg/gradle/internal/operations/CallableBuildOperation;)Ljava/lang/Object; (11 bytes) @ 0x000000000381b304 [0x000000000381b200+0x104]
j  org.gradle.workers.internal.AbstractWorker.executeWrappedInBuildOperation(Lorg/gradle/workers/internal/ActionExecutionSpec;Lorg/gradle/internal/operations/BuildOperationRef;Lorg/gradle/workers/internal/AbstractWorker$Work;)Lorg/gradle/workers/internal/DefaultWorkResult;+15
j  org.gradle.workers.internal.NoIsolationWorkerFactory$1.execute(Lorg/gradle/workers/internal/ActionExecutionSpec;Lorg/gradle/internal/operations/BuildOperationRef;)Lorg/gradle/workers/internal/DefaultWorkResult;+11
j  org.gradle.workers.internal.DefaultWorkerExecutor$1.call()Lorg/gradle/workers/internal/DefaultWorkResult;+32
j  org.gradle.workers.internal.DefaultWorkerExecutor$1.call()Ljava/lang/Object;+1
J 5939 C1 java.util.concurrent.FutureTask.run()V (126 bytes) @ 0x000000000370550c [0x00000000037052c0+0x24c]
j  org.gradle.internal.work.DefaultConditionalExecutionQueue$ExecutionRunner.runExecution(Lorg/gradle/internal/work/ConditionalExecution;)V+6
j  org.gradle.internal.work.DefaultConditionalExecutionQueue$ExecutionRunner.runBatch(Lorg/gradle/internal/work/ConditionalExecution;)V+8
j  org.gradle.internal.work.DefaultConditionalExecutionQueue$ExecutionRunner.run()V+11
J 6863 C1 java.util.concurrent.Executors$RunnableAdapter.call()Ljava/lang/Object; (14 bytes) @ 0x0000000003a571cc [0x0000000003a570c0+0x10c]
J 5939 C1 java.util.concurrent.FutureTask.run()V (126 bytes) @ 0x000000000370550c [0x00000000037052c0+0x24c]
J 6802 C1 org.gradle.internal.concurrent.ManagedExecutorImpl$1.run()V (59 bytes) @ 0x00000000033c75fc [0x00000000033c70e0+0x51c]
j  java.util.concurrent.ThreadPoolExecutor.runWorker(Ljava/util/concurrent/ThreadPoolExecutor$Worker;)V+95
j  java.util.concurrent.ThreadPoolExecutor$Worker.run()V+5
j  org.gradle.internal.concurrent.ThreadFactoryImpl$ManagedThreadRunnable.run()V+7
j  java.lang.Thread.run()V+11
v  ~StubRoutines::call_stub

---------------  P R O C E S S  ---------------

Java Threads: ( => current thread )
  0x000000001c7f4800 JavaThread "ForkJoinPool.commonPool-worker-3" daemon [_thread_blocked, id=13364, stack(0x0000000026a90000,0x0000000026b90000)]
  0x000000001c7fa000 JavaThread "ForkJoinPool.commonPool-worker-2" daemon [_thread_blocked, id=12848, stack(0x0000000026990000,0x0000000026a90000)]
  0x000000001c7fb800 JavaThread "ForkJoinPool.commonPool-worker-1" daemon [_thread_blocked, id=12912, stack(0x0000000026420000,0x0000000026520000)]
  0x000000001c7f8800 JavaThread "Cache worker for Java compile cache (E:\AndriodProjects\.gradle\5.4.1\javaCompile)" [_thread_blocked, id=3988, stack(0x0000000026120000,0x0000000026220000)]
  0x000000001c7f7800 JavaThread "Cache worker for Java compile cache (C:\Users\76537\.gradle\caches\5.4.1\javaCompile)" [_thread_blocked, id=14016, stack(0x0000000026020000,0x0000000026120000)]
  0x000000001c7fd000 JavaThread "RMI TCP Connection(1)-127.0.0.1" daemon [_thread_in_native, id=9840, stack(0x0000000025f20000,0x0000000026020000)]
  0x000000001c7f9000 JavaThread "RMI Reaper" [_thread_blocked, id=14112, stack(0x0000000025e20000,0x0000000025f20000)]
  0x000000001c7f0000 JavaThread "RMI TCP Accept-0" daemon [_thread_in_native, id=14312, stack(0x0000000025d20000,0x0000000025e20000)]
  0x000000001c7f7000 JavaThread "GC Daemon" daemon [_thread_blocked, id=7032, stack(0x0000000025c20000,0x0000000025d20000)]
  0x000000001c7f3000 JavaThread "RMI RenewClean-[127.0.0.1:17300,org.jetbrains.kotlin.daemon.common.LoopbackNetworkInterface$ClientLoopbackSocketFactory@7ac24bb6]" daemon [_thread_blocked, id=14776, stack(0x0000000025b20000,0x0000000025c20000)]
  0x000000001c7f2800 JavaThread "RMI Scheduler(0)" daemon [_thread_blocked, id=10828, stack(0x0000000024150000,0x0000000024250000)]
  0x000000001c7f6000 JavaThread "WorkerExecutor Queue Thread 5" [_thread_blocked, id=8676, stack(0x0000000025620000,0x0000000025720000)]
  0x000000001c7f1800 JavaThread "stdout" [_thread_in_native, id=14168, stack(0x0000000025320000,0x0000000025420000)]
  0x000000001c152000 JavaThread "stderr" [_thread_in_native, id=12532, stack(0x0000000025220000,0x0000000025320000)]
  0x000000001d3ef000 JavaThread "stdout" [_thread_in_native, id=10224, stack(0x0000000025120000,0x0000000025220000)]
  0x000000001d3ef800 JavaThread "stderr" [_thread_in_native, id=10620, stack(0x0000000025020000,0x0000000025120000)]
  0x000000001d3e7000 JavaThread "stdout" [_thread_in_native, id=12188, stack(0x0000000024f20000,0x0000000025020000)]
  0x000000001d3ec800 JavaThread "stderr" [_thread_in_native, id=11384, stack(0x0000000024e20000,0x0000000024f20000)]
  0x000000001d3ee000 JavaThread "stdout" [_thread_in_native, id=15204, stack(0x0000000024d20000,0x0000000024e20000)]
  0x000000001d3e6800 JavaThread "stderr" [_thread_in_native, id=11232, stack(0x0000000024ac0000,0x0000000024bc0000)]
  0x000000001d3ed800 JavaThread "pool-3-thread-1" [_thread_blocked, id=8416, stack(0x0000000024c20000,0x0000000024d20000)]
  0x000000001d3ea800 JavaThread "MarlinRenderer Disposer" daemon [_thread_blocked, id=3804, stack(0x0000000024880000,0x0000000024980000)]
  0x000000001d3e9800 JavaThread "Java2D Disposer" daemon [_thread_blocked, id=1592, stack(0x00000000249c0000,0x0000000024ac0000)]
  0x000000001d3e8800 JavaThread "WorkerExecutor Queue Thread 3" [_thread_blocked, id=8628, stack(0x0000000024050000,0x0000000024150000)]
  0x000000001d3e8000 JavaThread "WorkerExecutor Queue Thread 2" [_thread_blocked, id=13120, stack(0x0000000023f50000,0x0000000024050000)]
=>0x000000001d3eb000 JavaThread "WorkerExecutor Queue" [_thread_in_vm, id=9928, stack(0x0000000023e50000,0x0000000023f50000)]
  0x000000001d3e1000 JavaThread "Cache worker for execution history cache (E:\AndriodProjects\.gradle\5.4.1\executionHistory)" [_thread_blocked, id=4196, stack(0x0000000023b50000,0x0000000023c50000)]
  0x000000001d3e5000 JavaThread "Execution worker for ':' Thread 3" [_thread_in_Java, id=8564, stack(0x0000000023a50000,0x0000000023b50000)]
  0x0000000018e23000 JavaThread "Execution worker for ':' Thread 2" [_thread_blocked, id=11484, stack(0x0000000023950000,0x0000000023a50000)]
  0x000000001c14c000 JavaThread "Execution worker for ':'" [_thread_in_Java, id=12220, stack(0x0000000023850000,0x0000000023950000)]
  0x000000001c151000 JavaThread "Cache worker for file content cache (E:\AndriodProjects\.gradle\5.4.1\fileContent)" [_thread_blocked, id=13256, stack(0x0000000023350000,0x0000000023450000)]
  0x000000001c150800 JavaThread "Cache worker for file content cache (C:\Users\76537\.gradle\caches\5.4.1\fileContent)" [_thread_blocked, id=15044, stack(0x0000000022150000,0x0000000022250000)]
  0x000000001c14f800 JavaThread "Cache worker for Build Output Cleanup Cache (E:\AndriodProjects\.gradle\buildOutputCleanup)" [_thread_blocked, id=7592, stack(0x0000000021e50000,0x0000000021f50000)]
  0x000000001c144000 JavaThread "pool-2-thread-1" [_thread_blocked, id=11508, stack(0x0000000020980000,0x0000000020a80000)]
  0x000000001c14a800 JavaThread "Build operations Thread 4" [_thread_blocked, id=11432, stack(0x0000000020880000,0x0000000020980000)]
  0x000000001c14b000 JavaThread "Build operations Thread 3" [_thread_blocked, id=5608, stack(0x0000000020780000,0x0000000020880000)]
  0x000000001c149800 JavaThread "Build operations Thread 2" [_thread_blocked, id=8832, stack(0x0000000020680000,0x0000000020780000)]
  0x000000001c148800 JavaThread "Build operations" [_thread_blocked, id=9304, stack(0x000000001fdc0000,0x000000001fec0000)]
  0x000000001c148000 JavaThread "Cache worker for cache directory md-rule (C:\Users\76537\.gradle\caches\5.4.1\md-rule)" [_thread_blocked, id=11480, stack(0x000000001fcc0000,0x000000001fdc0000)]
  0x000000001c142800 JavaThread "Cache worker for cache directory md-supplier (C:\Users\76537\.gradle\caches\5.4.1\md-supplier)" [_thread_blocked, id=7416, stack(0x000000001e330000,0x000000001e430000)]
  0x000000001ee53000 JavaThread "Cache worker for file hash cache (E:\AndriodProjects\.gradle\5.4.1\fileHashes)" [_thread_blocked, id=14036, stack(0x000000001abc0000,0x000000001acc0000)]
  0x000000001ee52800 JavaThread "Thread-32" [_thread_blocked, id=3544, stack(0x000000001a8c0000,0x000000001a9c0000)]
  0x000000001ee54000 JavaThread "Stdin handler" [_thread_blocked, id=3092, stack(0x000000001a7c0000,0x000000001a8c0000)]
  0x000000001ee59000 JavaThread "Asynchronous log dispatcher for DefaultDaemonConnection: socket connection from /127.0.0.1:63008 to /127.0.0.1:64237" [_thread_blocked, id=13072, stack(0x000000001a4c0000,0x000000001a5c0000)]
  0x000000001ee57000 JavaThread "Daemon worker Thread 2" [_thread_blocked, id=15048, stack(0x000000001a2c0000,0x000000001a3c0000)]
  0x000000001ee54800 JavaThread "Cancel handler" [_thread_blocked, id=14152, stack(0x0000000000f40000,0x0000000001040000)]
  0x000000001ee58800 JavaThread "Handler for socket connection from /127.0.0.1:63008 to /127.0.0.1:64237" [_thread_in_native, id=7788, stack(0x0000000000e40000,0x0000000000f40000)]
  0x000000001ee56000 JavaThread "Daemon Thread 2" [_thread_blocked, id=5932, stack(0x0000000000d40000,0x0000000000e40000)]
  0x000000001c14d800 JavaThread "Memory manager" [_thread_blocked, id=14520, stack(0x0000000022e50000,0x0000000022f50000)]
  0x000000001c147000 JavaThread "Cache worker for execution history cache (C:\Users\76537\.gradle\caches\5.4.1\executionHistory)" [_thread_in_native, id=14720, stack(0x000000001fec0000,0x000000001ffc0000)]
  0x0000000018e27000 JavaThread "Cache worker for journal cache (C:\Users\76537\.gradle\caches\journal-1)" [_thread_blocked, id=5216, stack(0x000000001b0c0000,0x000000001b1c0000)]
  0x0000000018e26800 JavaThread "File lock request listener" [_thread_in_native, id=14884, stack(0x000000001afc0000,0x000000001b0c0000)]
  0x0000000018e25800 JavaThread "Cache worker for file hash cache (C:\Users\76537\.gradle\caches\5.4.1\fileHashes)" [_thread_blocked, id=14492, stack(0x000000001acc0000,0x000000001adc0000)]
  0x0000000017eaa800 JavaThread "Daemon periodic checks" [_thread_blocked, id=13384, stack(0x000000001a3c0000,0x000000001a4c0000)]
  0x0000000018cd5800 JavaThread "Incoming local TCP Connector on port 63008" [_thread_in_native, id=11424, stack(0x000000001a110000,0x000000001a210000)]
  0x00000000197a4800 JavaThread "Daemon health stats" [_thread_blocked, id=11376, stack(0x0000000019e10000,0x0000000019f10000)]
  0x0000000017bb6800 JavaThread "Service Thread" daemon [_thread_blocked, id=8960, stack(0x0000000018440000,0x0000000018540000)]
  0x0000000017b6b000 JavaThread "C1 CompilerThread2" daemon [_thread_blocked, id=11124, stack(0x0000000018340000,0x0000000018440000)]
  0x0000000017b4d800 JavaThread "C2 CompilerThread1" daemon [_thread_in_native, id=11524, stack(0x0000000018240000,0x0000000018340000)]
  0x00000000167ea000 JavaThread "C2 CompilerThread0" daemon [_thread_in_native, id=13660, stack(0x0000000018140000,0x0000000018240000)]
  0x000000001679f000 JavaThread "Attach Listener" daemon [_thread_blocked, id=11188, stack(0x0000000018040000,0x0000000018140000)]
  0x0000000017b48800 JavaThread "Signal Dispatcher" daemon [_thread_blocked, id=1264, stack(0x0000000017f40000,0x0000000018040000)]
  0x0000000002e1e000 JavaThread "Finalizer" daemon [_thread_blocked, id=15080, stack(0x00000000179e0000,0x0000000017ae0000)]
  0x0000000002e13000 JavaThread "Reference Handler" daemon [_thread_blocked, id=13632, stack(0x00000000178e0000,0x00000000179e0000)]
  0x000000000282e000 JavaThread "main" [_thread_blocked, id=12832, stack(0x0000000002850000,0x0000000002950000)]

Other Threads:
  0x0000000016756000 VMThread [stack: 0x00000000177e0000,0x00000000178e0000] [id=4080]
  0x0000000017bb8000 WatcherThread [stack: 0x0000000018540000,0x0000000018640000] [id=6224]

VM state:not at safepoint (normal execution)

VM Mutex/Monitor currently owned by a thread: None

heap address: 0x00000000a0000000, size: 1536 MB, Compressed Oops mode: 32-bit
Narrow klass base: 0x0000000000000000, Narrow klass shift: 3
Compressed class space size: 1073741824 Address: 0x0000000100000000

Heap:
 PSYoungGen      total 337408K, used 42469K [0x00000000e0000000, 0x00000000faf80000, 0x0000000100000000)
  eden space 314880K, 6% used [0x00000000e0000000,0x00000000e1380368,0x00000000f3380000)
  from space 22528K, 99% used [0x00000000f4d80000,0x00000000f6379278,0x00000000f6380000)
  to   space 26624K, 0% used [0x00000000f3380000,0x00000000f3380000,0x00000000f4d80000)
 ParOldGen       total 115200K, used 47551K [0x00000000a0000000, 0x00000000a7080000, 0x00000000e0000000)
  object space 115200K, 41% used [0x00000000a0000000,0x00000000a2e6ffb8,0x00000000a7080000)
 Metaspace       used 90849K, capacity 94084K, committed 94356K, reserved 1130496K
  class space    used 11736K, capacity 12363K, committed 12476K, reserved 1048576K

Card table byte_map: [0x00000000121e0000,0x00000000124f0000] byte_map_base: 0x0000000011ce0000

Marking Bits: (ParMarkBitMap*) 0x0000000073dc9f30
 Begin Bits: [0x0000000012af0000, 0x00000000142f0000)
 End Bits:   [0x00000000142f0000, 0x0000000015af0000)

Polling page: 0x0000000002810000

CodeCache: size=245760Kb used=44028Kb max_used=44040Kb free=201731Kb
 bounds [0x0000000002e20000, 0x0000000005960000, 0x0000000011e20000]
 total_blobs=14384 nmethods=13394 adapters=901
 compilation: enabled

Compilation events (10 events):
Event: 3894.077 Thread 0x0000000017b6b000 nmethod 15660 0x00000000058eab90 code [0x00000000058eace0, 0x00000000058eae30]
Event: 3894.078 Thread 0x0000000017b6b000 15661       3       java.util.BitSet::ensureCapacity (39 bytes)
Event: 3894.078 Thread 0x0000000017b6b000 nmethod 15661 0x00000000058f8650 code [0x00000000058f87e0, 0x00000000058f8ca8]
Event: 3894.079 Thread 0x0000000017b6b000 15662       3       com.android.tools.r8.n.a.a.a.g.B0::<init> (9 bytes)
Event: 3894.079 Thread 0x0000000017b6b000 nmethod 15662 0x00000000058f3150 code [0x00000000058f32e0, 0x00000000058f3488]
Event: 3894.079 Thread 0x0000000017b6b000 15663       3       com.android.tools.r8.ir.code.BasicBlock::p (81 bytes)
Event: 3894.081 Thread 0x0000000017b6b000 nmethod 15663 0x00000000058f6a90 code [0x00000000058f6d20, 0x00000000058f7d98]
Event: 3894.081 Thread 0x0000000017b6b000 15664       3       com.android.tools.r8.ir.optimize.g::a (394 bytes)
Event: 3894.082 Thread 0x00000000167ea000 15669       4       com.android.tools.r8.ir.analysis.type.TypeLatticeElement::q (44 bytes)
Event: 3894.082 Thread 0x00000000167ea000 nmethod 15669 0x00000000056eb5d0 code [0x00000000056eb700, 0x00000000056eb798]

GC Heap History (10 events):
Event: 3869.787 GC heap before
{Heap before GC invocations=14 (full 3):
 PSYoungGen      total 271872K, used 253952K [0x00000000e0000000, 0x00000000f2100000, 0x0000000100000000)
  eden space 253952K, 100% used [0x00000000e0000000,0x00000000ef800000,0x00000000ef800000)
  from space 17920K, 0% used [0x00000000f0d80000,0x00000000f0d80000,0x00000000f1f00000)
  to   space 20992K, 0% used [0x00000000ef800000,0x00000000ef800000,0x00000000f0c80000)
 ParOldGen       total 115200K, used 34016K [0x00000000a0000000, 0x00000000a7080000, 0x00000000e0000000)
  object space 115200K, 29% used [0x00000000a0000000,0x00000000a2138070,0x00000000a7080000)
 Metaspace       used 65608K, capacity 67750K, committed 67860K, reserved 1107968K
  class space    used 8535K, capacity 9012K, committed 9020K, reserved 1048576K
Event: 3869.857 GC heap after
Heap after GC invocations=14 (full 3):
 PSYoungGen      total 274944K, used 16913K [0x00000000e0000000, 0x00000000f6c80000, 0x0000000100000000)
  eden space 253952K, 0% used [0x00000000e0000000,0x00000000e0000000,0x00000000ef800000)
  from space 20992K, 80% used [0x00000000ef800000,0x00000000f08846f8,0x00000000f0c80000)
  to   space 22528K, 0% used [0x00000000f5680000,0x00000000f5680000,0x00000000f6c80000)
 ParOldGen       total 115200K, used 34024K [0x00000000a0000000, 0x00000000a7080000, 0x00000000e0000000)
  object space 115200K, 29% used [0x00000000a0000000,0x00000000a213a070,0x00000000a7080000)
 Metaspace       used 65608K, capacity 67750K, committed 67860K, reserved 1107968K
  class space    used 8535K, capacity 9012K, committed 9020K, reserved 1048576K
}
Event: 3875.279 GC heap before
{Heap before GC invocations=15 (full 3):
 PSYoungGen      total 274944K, used 270865K [0x00000000e0000000, 0x00000000f6c80000, 0x0000000100000000)
  eden space 253952K, 100% used [0x00000000e0000000,0x00000000ef800000,0x00000000ef800000)
  from space 20992K, 80% used [0x00000000ef800000,0x00000000f08846f8,0x00000000f0c80000)
  to   space 22528K, 0% used [0x00000000f5680000,0x00000000f5680000,0x00000000f6c80000)
 ParOldGen       total 115200K, used 34024K [0x00000000a0000000, 0x00000000a7080000, 0x00000000e0000000)
  object space 115200K, 29% used [0x00000000a0000000,0x00000000a213a070,0x00000000a7080000)
 Metaspace       used 71092K, capacity 73318K, committed 73620K, reserved 1114112K
  class space    used 9108K, capacity 9626K, committed 9660K, reserved 1048576K
Event: 3875.298 GC heap after
Heap after GC invocations=15 (full 3):
 PSYoungGen      total 331264K, used 7922K [0x00000000e0000000, 0x00000000f6280000, 0x0000000100000000)
  eden space 318976K, 0% used [0x00000000e0000000,0x00000000e0000000,0x00000000f3780000)
  from space 12288K, 64% used [0x00000000f5680000,0x00000000f5e3cae0,0x00000000f6280000)
  to   space 22016K, 0% used [0x00000000f3780000,0x00000000f3780000,0x00000000f4d00000)
 ParOldGen       total 115200K, used 45335K [0x00000000a0000000, 0x00000000a7080000, 0x00000000e0000000)
  object space 115200K, 39% used [0x00000000a0000000,0x00000000a2c45d78,0x00000000a7080000)
 Metaspace       used 71092K, capacity 73318K, committed 73620K, reserved 1114112K
  class space    used 9108K, capacity 9626K, committed 9660K, reserved 1048576K
}
Event: 3879.838 GC heap before
{Heap before GC invocations=16 (full 3):
 PSYoungGen      total 331264K, used 164567K [0x00000000e0000000, 0x00000000f6280000, 0x0000000100000000)
  eden space 318976K, 49% used [0x00000000e0000000,0x00000000e98f9340,0x00000000f3780000)
  from space 12288K, 64% used [0x00000000f5680000,0x00000000f5e3cae0,0x00000000f6280000)
  to   space 22016K, 0% used [0x00000000f3780000,0x00000000f3780000,0x00000000f4d00000)
 ParOldGen       total 115200K, used 45335K [0x00000000a0000000, 0x00000000a7080000, 0x00000000e0000000)
  object space 115200K, 39% used [0x00000000a0000000,0x00000000a2c45d78,0x00000000a7080000)
 Metaspace       used 76256K, capacity 78704K, committed 78996K, reserved 1118208K
  class space    used 9853K, capacity 10375K, committed 10428K, reserved 1048576K
Event: 3879.857 GC heap after
Heap after GC invocations=16 (full 3):
 PSYoungGen      total 340992K, used 15000K [0x00000000e0000000, 0x00000000f6380000, 0x0000000100000000)
  eden space 318976K, 0% used [0x00000000e0000000,0x00000000e0000000,0x00000000f3780000)
  from space 22016K, 68% used [0x00000000f3780000,0x00000000f4626268,0x00000000f4d00000)
  to   space 22528K, 0% used [0x00000000f4d80000,0x00000000f4d80000,0x00000000f6380000)
 ParOldGen       total 115200K, used 45343K [0x00000000a0000000, 0x00000000a7080000, 0x00000000e0000000)
  object space 115200K, 39% used [0x00000000a0000000,0x00000000a2c47d78,0x00000000a7080000)
 Metaspace       used 76256K, capacity 78704K, committed 78996K, reserved 1118208K
  class space    used 9853K, capacity 10375K, committed 10428K, reserved 1048576K
}
Event: 3879.857 GC heap before
{Heap before GC invocations=17 (full 4):
 PSYoungGen      total 340992K, used 15000K [0x00000000e0000000, 0x00000000f6380000, 0x0000000100000000)
  eden space 318976K, 0% used [0x00000000e0000000,0x00000000e0000000,0x00000000f3780000)
  from space 22016K, 68% used [0x00000000f3780000,0x00000000f4626268,0x00000000f4d00000)
  to   space 22528K, 0% used [0x00000000f4d80000,0x00000000f4d80000,0x00000000f6380000)
 ParOldGen       total 115200K, used 45343K [0x00000000a0000000, 0x00000000a7080000, 0x00000000e0000000)
  object space 115200K, 39% used [0x00000000a0000000,0x00000000a2c47d78,0x00000000a7080000)
 Metaspace       used 76256K, capacity 78704K, committed 78996K, reserved 1118208K
  class space    used 9853K, capacity 10375K, committed 10428K, reserved 1048576K
Event: 3880.133 GC heap after
Heap after GC invocations=17 (full 4):
 PSYoungGen      total 340992K, used 0K [0x00000000e0000000, 0x00000000f6380000, 0x0000000100000000)
  eden space 318976K, 0% used [0x00000000e0000000,0x00000000e0000000,0x00000000f3780000)
  from space 22016K, 0% used [0x00000000f3780000,0x00000000f3780000,0x00000000f4d00000)
  to   space 22528K, 0% used [0x00000000f4d80000,0x00000000f4d80000,0x00000000f6380000)
 ParOldGen       total 115200K, used 44078K [0x00000000a0000000, 0x00000000a7080000, 0x00000000e0000000)
  object space 115200K, 38% used [0x00000000a0000000,0x00000000a2b0b808,0x00000000a7080000)
 Metaspace       used 76003K, capacity 78194K, committed 78996K, reserved 1118208K
  class space    used 9794K, capacity 10268K, committed 10428K, reserved 1048576K
}
Event: 3893.918 GC heap before
{Heap before GC invocations=18 (full 4):
 PSYoungGen      total 340992K, used 318976K [0x00000000e0000000, 0x00000000f6380000, 0x0000000100000000)
  eden space 318976K, 100% used [0x00000000e0000000,0x00000000f3780000,0x00000000f3780000)
  from space 22016K, 0% used [0x00000000f3780000,0x00000000f3780000,0x00000000f4d00000)
  to   space 22528K, 0% used [0x00000000f4d80000,0x00000000f4d80000,0x00000000f6380000)
 ParOldGen       total 115200K, used 44078K [0x00000000a0000000, 0x00000000a7080000, 0x00000000e0000000)
  object space 115200K, 38% used [0x00000000a0000000,0x00000000a2b0b808,0x00000000a7080000)
 Metaspace       used 89797K, capacity 92706K, committed 92820K, reserved 1130496K
  class space    used 11602K, capacity 12176K, committed 12220K, reserved 1048576K
Event: 3893.948 GC heap after
Heap after GC invocations=18 (full 4):
 PSYoungGen      total 337408K, used 22500K [0x00000000e0000000, 0x00000000faf80000, 0x0000000100000000)
  eden space 314880K, 0% used [0x00000000e0000000,0x00000000e0000000,0x00000000f3380000)
  from space 22528K, 99% used [0x00000000f4d80000,0x00000000f6379278,0x00000000f6380000)
  to   space 26624K, 0% used [0x00000000f3380000,0x00000000f3380000,0x00000000f4d80000)
 ParOldGen       total 115200K, used 47551K [0x00000000a0000000, 0x00000000a7080000, 0x00000000e0000000)
  object space 115200K, 41% used [0x00000000a0000000,0x00000000a2e6ffb8,0x00000000a7080000)
 Metaspace       used 89797K, capacity 92706K, committed 92820K, reserved 1130496K
  class space    used 11602K, capacity 12176K, committed 12220K, reserved 1048576K
}

Deoptimization events (10 events):
Event: 3893.857 Thread 0x000000001d3eb000 Uncommon trap: reason=unstable_if action=reinterpret pc=0x0000000003f81470 method=sun.nio.fs.WindowsPathParser.isLetter(C)Z @ 21
Event: 3893.864 Thread 0x000000001d3eb000 Uncommon trap: reason=bimorphic action=maybe_recompile pc=0x0000000004f1a93c method=java.security.MessageDigest$Delegate.clone()Ljava/lang/Object; @ 14
Event: 3893.864 Thread 0x000000001d3eb000 Uncommon trap: reason=bimorphic action=maybe_recompile pc=0x0000000004f1a93c method=java.security.MessageDigest$Delegate.clone()Ljava/lang/Object; @ 14
Event: 3893.908 Thread 0x000000001ee57000 Uncommon trap: reason=predicate action=maybe_recompile pc=0x00000000031215a8 method=java.util.TimSort.reverseRange([Ljava/lang/Object;II)V @ 8
Event: 3893.954 Thread 0x000000001d3eb000 Uncommon trap: reason=bimorphic action=maybe_recompile pc=0x0000000004f1a93c method=java.security.MessageDigest$Delegate.clone()Ljava/lang/Object; @ 14
Event: 3893.968 Thread 0x000000001d3eb000 Uncommon trap: reason=bimorphic action=maybe_recompile pc=0x0000000004f1a93c method=java.security.MessageDigest$Delegate.clone()Ljava/lang/Object; @ 14
Event: 3894.056 Thread 0x000000001d3eb000 Uncommon trap: reason=class_check action=maybe_recompile pc=0x00000000058b81a0 method=java.util.stream.AbstractPipeline.wrapAndCopyInto(Ljava/util/stream/Sink;Ljava/util/Spliterator;)Ljava/util/stream/Sink; @ 6
Event: 3894.056 Thread 0x000000001d3eb000 Uncommon trap: reason=class_check action=maybe_recompile pc=0x00000000058b81a0 method=java.util.stream.AbstractPipeline.wrapAndCopyInto(Ljava/util/stream/Sink;Ljava/util/Spliterator;)Ljava/util/stream/Sink; @ 6
Event: 3894.056 Thread 0x000000001d3eb000 Uncommon trap: reason=class_check action=maybe_recompile pc=0x00000000058b81a0 method=java.util.stream.AbstractPipeline.wrapAndCopyInto(Ljava/util/stream/Sink;Ljava/util/Spliterator;)Ljava/util/stream/Sink; @ 6
Event: 3894.056 Thread 0x000000001d3eb000 Uncommon trap: reason=class_check action=maybe_recompile pc=0x00000000058b81a0 method=java.util.stream.AbstractPipeline.wrapAndCopyInto(Ljava/util/stream/Sink;Ljava/util/Spliterator;)Ljava/util/stream/Sink; @ 6

Classes redefined (0 events):
No events

Internal exceptions (10 events):
Event: 3892.921 Thread 0x000000001d3e5000 Exception <a 'sun/nio/fs/WindowsException'> (0x00000000ec265c18) thrown at [D:\src\AOSP-openjdk-cygwin\jdk8u\hotspot\src\share\vm\prims\jni.cpp, line 710]
Event: 3892.992 Thread 0x000000001c7fa000 Exception <a 'java/lang/NoSuchMethodError': java.lang.Object.lambda$static$0(Ljava/lang/String;)Z> (0x00000000ed7b9f88) thrown at [D:\src\AOSP-openjdk-cygwin\jdk8u\hotspot\src\share\vm\interpreter\linkResolver.cpp, line 620]
Event: 3893.289 Thread 0x000000001c14c000 Exception <a 'sun/nio/fs/WindowsException'> (0x00000000ef5ca240) thrown at [D:\src\AOSP-openjdk-cygwin\jdk8u\hotspot\src\share\vm\prims\jni.cpp, line 710]
Event: 3893.289 Thread 0x000000001ee57000 Exception <a 'sun/nio/fs/WindowsException'> (0x00000000eeafbbd8) thrown at [D:\src\AOSP-openjdk-cygwin\jdk8u\hotspot\src\share\vm\prims\jni.cpp, line 710]
Event: 3893.290 Thread 0x000000001d3e5000 Exception <a 'sun/nio/fs/WindowsException'> (0x00000000efd92460) thrown at [D:\src\AOSP-openjdk-cygwin\jdk8u\hotspot\src\share\vm\prims\jni.cpp, line 710]
Event: 3893.681 Thread 0x000000001c14c000 Exception <a 'java/lang/NoSuchMethodError': java.lang.Object.lambda$maxBy$1(Ljava/util/Comparator;Ljava/lang/Object;Ljava/lang/Object;)Ljava/lang/Object;> (0x00000000f24c67e0) thrown at [D:\src\AOSP-openjdk-cygwin\jdk8u\hotspot\src\share\vm\interpreter\li
Event: 3893.681 Thread 0x000000001d3e5000 Exception <a 'java/lang/NoSuchMethodError': java.lang.Object.lambda$maxBy$1(Ljava/util/Comparator;Ljava/lang/Object;Ljava/lang/Object;)Ljava/lang/Object;> (0x00000000f22d6050) thrown at [D:\src\AOSP-openjdk-cygwin\jdk8u\hotspot\src\share\vm\interpreter\li
Event: 3893.681 Thread 0x000000001ee57000 Exception <a 'java/lang/NoSuchMethodError': java.lang.Object.lambda$maxBy$1(Ljava/util/Comparator;Ljava/lang/Object;Ljava/lang/Object;)Ljava/lang/Object;> (0x00000000f23f61d8) thrown at [D:\src\AOSP-openjdk-cygwin\jdk8u\hotspot\src\share\vm\interpreter\li
Event: 3894.045 Thread 0x000000001c14c000 Exception <a 'sun/nio/fs/WindowsException'> (0x00000000e067a380) thrown at [D:\src\AOSP-openjdk-cygwin\jdk8u\hotspot\src\share\vm\prims\jni.cpp, line 710]
Event: 3894.045 Thread 0x000000001ee57000 Exception <a 'sun/nio/fs/WindowsException'> (0x00000000e06f6338) thrown at [D:\src\AOSP-openjdk-cygwin\jdk8u\hotspot\src\share\vm\prims\jni.cpp, line 710]

Events (10 events):
Event: 3894.078 loading class java/nio/StringCharBuffer
Event: 3894.079 loading class java/nio/StringCharBuffer done
Event: 3894.079 Executing VM operation: Deoptimize
Event: 3894.080 Executing VM operation: Deoptimize done
Event: 3894.081 loading class com/android/tools/build/apkzlib/zip/utils/MsDosDateTimeUtils
Event: 3894.081 loading class com/android/tools/build/apkzlib/zip/utils/MsDosDateTimeUtils done
Event: 3894.081 loading class com/google/common/util/concurrent/SettableFuture
Event: 3894.081 loading class com/google/common/util/concurrent/SettableFuture done
Event: 3894.081 loading class com/android/tools/build/apkzlib/zip/compress/ExecutorCompressor
Event: 3894.081 loading class com/android/tools/build/apkzlib/zip/compress/ExecutorCompressor done


Dynamic libraries:
0x00007ff6ef270000 - 0x00007ff6ef2a1000 	C:\Program Files\Android\Android Studio\jre\bin\java.exe
0x00007ffac6e30000 - 0x00007ffac7025000 	C:\Windows\SYSTEM32\ntdll.dll
0x00007ffac5270000 - 0x00007ffac532d000 	C:\Windows\System32\KERNEL32.DLL
0x00007ffac4990000 - 0x00007ffac4c59000 	C:\Windows\System32\KERNELBASE.dll
0x00007ffac6d40000 - 0x00007ffac6dec000 	C:\Windows\System32\ADVAPI32.dll
0x00007ffac6680000 - 0x00007ffac671e000 	C:\Windows\System32\msvcrt.dll
0x00007ffac6bc0000 - 0x00007ffac6c5c000 	C:\Windows\System32\sechost.dll
0x00007ffac5850000 - 0x00007ffac597b000 	C:\Windows\System32\RPCRT4.dll
0x00007ffac50d0000 - 0x00007ffac5270000 	C:\Windows\System32\USER32.dll
0x00007ffac4d10000 - 0x00007ffac4d32000 	C:\Windows\System32\win32u.dll
0x00007ffac5980000 - 0x00007ffac59aa000 	C:\Windows\System32\GDI32.dll
0x00007ffac4670000 - 0x00007ffac477b000 	C:\Windows\System32\gdi32full.dll
0x00007ffac4d40000 - 0x00007ffac4ddd000 	C:\Windows\System32\msvcp_win.dll
0x00007ffac4570000 - 0x00007ffac4670000 	C:\Windows\System32\ucrtbase.dll
0x00007ffac3990000 - 0x00007ffac3c2a000 	C:\Windows\WinSxS\amd64_microsoft.windows.common-controls_6595b64144ccf1df_6.0.19041.844_none_ca00b6081b84eb1d\COMCTL32.dll
0x00007ffac6b90000 - 0x00007ffac6bc0000 	C:\Windows\System32\IMM32.DLL
0x0000000073150000 - 0x0000000073222000 	C:\Program Files\Android\Android Studio\jre\jre\bin\msvcr100.dll
0x0000000073600000 - 0x0000000073e46000 	C:\Program Files\Android\Android Studio\jre\jre\bin\server\jvm.dll
0x00007ffac6240000 - 0x00007ffac6248000 	C:\Windows\System32\PSAPI.DLL
0x00007ffab4840000 - 0x00007ffab4867000 	C:\Windows\SYSTEM32\WINMM.dll
0x00007ffabea00000 - 0x00007ffabea09000 	C:\Windows\SYSTEM32\WSOCK32.dll
0x00007ffac6cd0000 - 0x00007ffac6d3b000 	C:\Windows\System32\WS2_32.dll
0x00007ffabc950000 - 0x00007ffabc95a000 	C:\Windows\SYSTEM32\VERSION.dll
0x00007ffabe9f0000 - 0x00007ffabe9ff000 	C:\Program Files\Android\Android Studio\jre\jre\bin\verify.dll
0x00007ffabdf30000 - 0x00007ffabdf59000 	C:\Program Files\Android\Android Studio\jre\jre\bin\java.dll
0x00007ffabdea0000 - 0x00007ffabdeb6000 	C:\Program Files\Android\Android Studio\jre\jre\bin\zip.dll
0x00007ffac5ae0000 - 0x00007ffac6222000 	C:\Windows\System32\SHELL32.dll
0x00007ffac19c0000 - 0x00007ffac2150000 	C:\Windows\SYSTEM32\windows.storage.dll
0x00007ffac5330000 - 0x00007ffac5685000 	C:\Windows\System32\combase.dll
0x00007ffac38d0000 - 0x00007ffac38fc000 	C:\Windows\SYSTEM32\Wldp.dll
0x00007ffac65d0000 - 0x00007ffac667e000 	C:\Windows\System32\SHCORE.dll
0x00007ffac62b0000 - 0x00007ffac6305000 	C:\Windows\System32\shlwapi.dll
0x00007ffac44b0000 - 0x00007ffac44cf000 	C:\Windows\SYSTEM32\profapi.dll
0x00007ffabdbf0000 - 0x00007ffabdc0a000 	C:\Program Files\Android\Android Studio\jre\jre\bin\net.dll
0x00007ffac3770000 - 0x00007ffac37da000 	C:\Windows\system32\mswsock.dll
0x00007ffabdbd0000 - 0x00007ffabdbe1000 	C:\Program Files\Android\Android Studio\jre\jre\bin\nio.dll
0x00007ffaad300000 - 0x00007ffaad326000 	C:\Users\76537\.gradle\native\29\windows-amd64\native-platform.dll
0x00007ffabdee0000 - 0x00007ffabdeed000 	C:\Program Files\Android\Android Studio\jre\jre\bin\management.dll
0x00007ffac4300000 - 0x00007ffac4318000 	C:\Windows\SYSTEM32\CRYPTSP.dll
0x00007ffac2f80000 - 0x00007ffac2fb4000 	C:\Windows\system32\rsaenh.dll
0x00007ffac4960000 - 0x00007ffac4987000 	C:\Windows\System32\bcrypt.dll
0x00007ffac4470000 - 0x00007ffac449e000 	C:\Windows\SYSTEM32\USERENV.dll
0x00007ffac48e0000 - 0x00007ffac4960000 	C:\Windows\System32\bcryptprimitives.dll
0x00007ffac3820000 - 0x00007ffac382c000 	C:\Windows\SYSTEM32\CRYPTBASE.dll
0x00007ffac32b0000 - 0x00007ffac32eb000 	C:\Windows\SYSTEM32\IPHLPAPI.DLL
0x00007ffac6c60000 - 0x00007ffac6c68000 	C:\Windows\System32\NSI.dll
0x00007ffabbe10000 - 0x00007ffabbe27000 	C:\Windows\SYSTEM32\dhcpcsvc6.DLL
0x00007ffabca30000 - 0x00007ffabca4d000 	C:\Windows\SYSTEM32\dhcpcsvc.DLL
0x00007ffac32f0000 - 0x00007ffac33bb000 	C:\Windows\SYSTEM32\DNSAPI.dll
0x00007ffa7fc10000 - 0x00007ffa7fdac000 	C:\Program Files\Android\Android Studio\jre\jre\bin\awt.dll
0x00007ffac4f20000 - 0x00007ffac4fed000 	C:\Windows\System32\OLEAUT32.dll
0x00007ffac14c0000 - 0x00007ffac14ef000 	C:\Windows\SYSTEM32\dwmapi.dll
0x00007ffabfd10000 - 0x00007ffac02d0000 	C:\Windows\SYSTEM32\d2d1.dll
0x00007ffac1150000 - 0x00007ffac11e0000 	C:\Windows\SYSTEM32\apphelp.dll
0x00007ffac13c0000 - 0x00007ffac145e000 	C:\Windows\system32\uxtheme.dll
0x00007ffabbb20000 - 0x00007ffabbb3e000 	C:\Users\76537\AppData\Local\Temp\native-platform5075291176481867760dir\native-platform.dll
0x00007ffac3fa0000 - 0x00007ffac4184000 	C:\Windows\SYSTEM32\dbghelp.dll

VM Arguments:
jvm_args: -Xmx1536m -Dfile.encoding=GBK -Duser.country=CN -Duser.language=zh -Duser.variant 
java_command: org.gradle.launcher.daemon.bootstrap.GradleDaemon 5.4.1
java_class_path (initial): C:\Users\76537\.gradle\wrapper\dists\gradle-5.4.1-all\3221gyojl5jsh0helicew7rwx\gradle-5.4.1\lib\gradle-launcher-5.4.1.jar
Launcher Type: SUN_STANDARD

Environment Variables:
PATH=C:\Program Files (x86)\Common Files\Oracle\Java\javapath;C:\Program Files (x86)\Intel\Intel(R) Management Engine Components\iCLS\;C:\Program Files\Intel\Intel(R) Management Engine Components\iCLS\;C:\Program Files\AdoptOpenJDK\jdk-8.0.282.8-openj9\bin;C:\Program Files\AdoptOpenJDK\jdk-8.0.282.8-hotspot\bin;C:\Windows\system32;C:\Windows;C:\Windows\System32\Wbem;C:\Windows\System32\WindowsPowerShell\v1.0\;C:\Windows\System32\OpenSSH\;C:\Program Files (x86)\NVIDIA Corporation\PhysX\Common;D:\Program Files\nodejs\;D:\Program Files\Git\cmd;C:\Program Files (x86)\Intel\Intel(R) Management Engine Components\DAL;C:\Program Files\Intel\Intel(R) Management Engine Components\DAL;C:\Program Files (x86)\Intel\Intel(R) Management Engine Components\IPT;C:\Program Files\Intel\Intel(R) Management Engine Components\IPT;C:\Users\76537\AppData\Local\Programs\Python\Python39\Scripts\;C:\Users\76537\AppData\Local\Programs\Python\Python39\;C:\Users\76537\AppData\Local\Microsoft\WindowsApps;C:\Program Files\Bandizip\;C:\Users\76537\AppData\Roaming\npm;C:\Users\76537\AppData\Local\GitHubDesktop\bin;D:\Program Files\Microsoft VS Code\bin
USERNAME=76537
OS=Windows_NT
PROCESSOR_IDENTIFIER=Intel64 Family 6 Model 158 Stepping 9, GenuineIntel



---------------  S Y S T E M  ---------------

OS: Windows 10.0 , 64 bit Build 19041 (10.0.19041.804)

CPU:total 4 (initial active 4) (4 cores per cpu, 1 threads per core) family 6 model 158 stepping 9, cmov, cx8, fxsr, mmx, sse, sse2, sse3, ssse3, sse4.1, sse4.2, popcnt, avx, avx2, aes, clmul, erms, 3dnowpref, lzcnt, tsc, tscinvbit, bmi1, bmi2, adx

Memory: 4k page, physical 8275220k(1026432k free), swap 14566676k(3622536k free)

vm_info: OpenJDK 64-Bit Server VM (25.202-b03) for windows-amd64 JRE (1.8.0_202-release-1483-b03), built by "builder" with MS VC++ 10.0 (VS2010)

time: Sun Apr 18 21:17:30 2021
timezone: 中国标准时间
elapsed time: 3894 seconds (0d 1h 4m 54s)

